This is e-upTeX, Version 3.141592653-p4.1.2-u2.00-250202-2.6 (utf8.uptex) (TeX Live 2025) (preloaded format=uplatex 2025.9.10)  23 MAR 2026 01:34
entering extended mode
 restricted \write18 enabled.
 file:line:error style messages enabled.
 %&-line parsing enabled.
**c:/Users/renjy/projects/ACT-TeX/template/ACTXXXX_main.tex
(c:/Users/renjy/projects/ACT-TeX/template/ACTXXXX_main.tex
pLaTeX2e <2023-02-14u04>+1, based on
LaTeX2e <2025-06-01> patch level 1
L3 programming layer <2025-08-13>
(c:/texlive/2025/texmf-dist/tex/uplatex/base/ujarticle.cls
Document Class: ujarticle 2020/09/30 v1.8f-u00 Standard upLaTeX class
\c@@paper=\count274
(c:/texlive/2025/texmf-dist/tex/latex/base/fleqn.clo
File: fleqn.clo 2016/12/29 v1.2b Standard LaTeX option (flush left equations)
\mathindent=\skip49
Applying: [2015/01/01] Make \[ robust on input line 50.
LaTeX Info: Redefining \[ on input line 51.
Already applied: [0000/00/00] Make \[ robust on input line 62.
Applying: [2015/01/01] Make \] robust on input line 74.
LaTeX Info: Redefining \] on input line 75.
Already applied: [0000/00/00] Make \] robust on input line 83.
) (c:/texlive/2025/texmf-dist/tex/uplatex/base/ujsize11.clo
File: ujsize11.clo 2020/09/30 v1.8f-u00 Standard upLaTeX file (size option)
LaTeX Font Info:    Font shape `JT2/mc/m/n' will be
(Font)              scaled to size 10.53629pt on input line 28.
LaTeX Font Info:    Font shape `JY2/mc/m/n' will be
(Font)              scaled to size 10.53629pt on input line 28.
)
\c@part=\count275
\c@section=\count276
\c@subsection=\count277
\c@subsubsection=\count278
\c@paragraph=\count279
\c@subparagraph=\count280
\c@figure=\count281
\c@table=\count282
\abovecaptionskip=\skip50
\belowcaptionskip=\skip51
\symmincho=\mathgroup4
LaTeX Font Info:    Overwriting symbol font `mincho' in version `bold'
(Font)                  JY2/mc/m/n --> JY2/gt/m/n on input line 616.
\toclineskip=\dimen164
\@lnumwidth=\dimen165
\bibindent=\dimen166
\heisei=\count283
) (../preamble.tex (c:/texlive/2025/texmf-dist/tex/latex/fancybox/fancybox.sty
Package: fancybox 2010/05/15 1.4

Style option: `fancybox' v1.4 <2010/05/15> (tvz)
\@fancybox=\box70
\shadowsize=\dimen167
\@Sbox=\box71
\do@VerbBox=\toks18
\the@fancyput=\toks19
\this@fancyput=\toks20
\EndVerbatimTokens=\toks21
\Verbatim@Outfile=\write3
\Verbatim@Infile=\read2
) (c:/texlive/2025/texmf-dist/tex/latex/graphics/graphicx.sty
Package: graphicx 2024/12/31 v1.2e Enhanced LaTeX Graphics (DPC,SPQR)
 (c:/texlive/2025/texmf-dist/tex/latex/graphics/keyval.sty
Package: keyval 2022/05/29 v1.15 key=value parser (DPC)
\KV@toks@=\toks22
) (c:/texlive/2025/texmf-dist/tex/latex/graphics/graphics.sty
Package: graphics 2024/08/06 v1.4g Standard LaTeX Graphics (DPC,SPQR)
 (c:/texlive/2025/texmf-dist/tex/latex/graphics/trig.sty
Package: trig 2023/12/02 v1.11 sin cos tan (DPC)
) (c:/texlive/2025/texmf-dist/tex/latex/graphics-cfg/graphics.cfg
File: graphics.cfg 2016/06/04 v1.11 sample graphics configuration
)
Package graphics Info: Driver file: dvipdfmx.def on input line 106.
 (c:/texlive/2025/texmf-dist/tex/latex/graphics-def/dvipdfmx.def
File: dvipdfmx.def 2022/09/22 v5.0m Graphics/color driver for dvipdfmx
))
\Gin@req@height=\dimen168
\Gin@req@width=\dimen169
) (c:/texlive/2025/texmf-dist/tex/latex/graphics/color.sty
Package: color 2025/01/14 v1.3e Standard LaTeX Color (DPC)
 (c:/texlive/2025/texmf-dist/tex/latex/graphics-cfg/color.cfg
File: color.cfg 2016/01/02 v1.6 sample color configuration
)
Package color Info: Driver file: dvipdfmx.def on input line 149.
 (c:/texlive/2025/texmf-dist/tex/latex/graphics/dvipsnam.def
File: dvipsnam.def 2016/06/17 v3.0m Driver-dependent file (DPC,SPQR)
) (c:/texlive/2025/texmf-dist/tex/latex/graphics/mathcolor.ltx)) (c:/texlive/2025/texmf-dist/tex/latex/geometry/geometry.sty
Package: geometry 2020/01/02 v5.9 Page Geometry
 (c:/texlive/2025/texmf-dist/tex/generic/iftex/ifvtex.sty
Package: ifvtex 2019/10/25 v1.7 ifvtex legacy package. Use iftex instead.
 (c:/texlive/2025/texmf-dist/tex/generic/iftex/iftex.sty
Package: iftex 2024/12/12 v1.0g TeX engine tests
))
\Gm@cnth=\count284
\Gm@cntv=\count285
\c@Gm@tempcnt=\count286
\Gm@bindingoffset=\dimen170
\Gm@wd@mp=\dimen171
\Gm@odd@mp=\dimen172
\Gm@even@mp=\dimen173
\Gm@layoutwidth=\dimen174
\Gm@layoutheight=\dimen175
\Gm@layouthoffset=\dimen176
\Gm@layoutvoffset=\dimen177
\Gm@dimlist=\toks23
) (c:/texlive/2025/texmf-dist/tex/latex/tools/multicol.sty
Package: multicol 2025/05/25 v2.0a multicolumn formatting (FMi)
\c@tracingmulticols=\count287
\mult@box=\box72
\multicol@leftmargin=\dimen178
\c@unbalance=\count288
\c@collectmore=\count289
\doublecol@number=\count290
\multicoltolerance=\count291
\multicolpretolerance=\count292
\full@width=\dimen179
\page@free=\dimen180
\premulticols=\dimen181
\postmulticols=\dimen182
\multicolsep=\skip52
\multicolbaselineskip=\skip53
\partial@page=\box73
\last@line=\box74
\mc@boxedresult=\box75
\maxbalancingoverflow=\dimen183
\mult@rightbox=\box76
\mult@grightbox=\box77
\mult@firstbox=\box78
\mult@gfirstbox=\box79
\@tempa=\box80
\@tempa=\box81
\@tempa=\box82
\@tempa=\box83
\@tempa=\box84
\@tempa=\box85
\@tempa=\box86
\@tempa=\box87
\@tempa=\box88
\@tempa=\box89
\@tempa=\box90
\@tempa=\box91
\@tempa=\box92
\@tempa=\box93
\@tempa=\box94
\@tempa=\box95
\@tempa=\box96
\@tempa=\box97
\@tempa=\box98
\@tempa=\box99
\@tempa=\box100
\@tempa=\box101
\@tempa=\box102
\@tempa=\box103
\@tempa=\box104
\@tempa=\box105
\@tempa=\box106
\@tempa=\box107
\@tempa=\box108
\@tempa=\box109
\@tempa=\box110
\@tempa=\box111
\@tempa=\box112
\@tempa=\box113
\@tempa=\box114
\@tempa=\box115
\c@minrows=\count293
\c@columnbadness=\count294
\c@finalcolumnbadness=\count295
\last@try=\dimen184
\multicolovershoot=\dimen185
\multicolundershoot=\dimen186
\mult@nat@firstbox=\box116
\colbreak@box=\box117
\mc@col@check@num=\count296
\g__mc_curr_col_int=\count297
) (c:/texlive/2025/texmf-dist/tex/latex/multirow/multirow.sty
Package: multirow 2024/11/12 v2.9 Span multiple rows of a table
\multirow@colwidth=\skip54
\multirow@cntb=\count298
\multirow@dima=\skip55
\bigstrutjot=\dimen187
) (c:/texlive/2025/texmf-dist/tex/latex/varwidth/varwidth.sty
Package: varwidth 2009/03/30 ver 0.92;  Variable-width minipages
\@vwid@box=\box118
\sift@deathcycles=\count299
\@vwid@loff=\dimen188
\@vwid@roff=\dimen189
)
==> First Aid for varwidth.sty applied!
(c:/texlive/2025/texmf-dist/tex/latex/float/float.sty
Package: float 2001/11/08 v1.3d Float enhancements (AL)
\c@float@type=\count300
\float@exts=\toks24
\float@box=\box119
\@float@everytoks=\toks25
\@floatcapt=\box120
) (c:/texlive/2025/texmf-dist/tex/latex/caption/caption.sty
Package: caption 2023/08/05 v3.6o Customizing captions (AR)
 (c:/texlive/2025/texmf-dist/tex/latex/caption/caption3.sty
Package: caption3 2023/07/31 v2.4d caption3 kernel (AR)
\caption@tempdima=\dimen190
\captionmargin=\dimen191
\caption@leftmargin=\dimen192
\caption@rightmargin=\dimen193
\caption@width=\dimen194
\caption@indent=\dimen195
\caption@parindent=\dimen196
\caption@hangindent=\dimen197
Package caption Info: Unknown document class (or package),
(caption)             standard defaults will be used.
Package caption Info: \@makecaption = \long macro:#1#2->\vskip \abovecaptionskip \iftdir \sbox \@tempboxa {#1\hskip 1zw#2}\else \sbox \@tempboxa {#1: #2}\fi \ifdim \wd \@tempboxa >\hsize \iftdir #1\hskip 1zw#2\relax \par \else #1: #2\relax \par \fi \else \global \@minipagefalse \hb@xt@ \hsize {\hfil \box \@tempboxa \hfil }\fi \vskip \belowcaptionskip  on input line 1175.
)

Package caption Warning: Unknown document class (or package),
(caption)                standard defaults will be used.
See the caption package documentation for explanation.

\c@caption@flags=\count301
\c@continuedfloat=\count302
Package caption Info: float package is loaded.
) (c:/texlive/texmf-local/tex/latex/emath/emath.sty
\EM@boxa=\box121
\bsityuubox=\box122
Package: emath 2025/07/30 v3.06b
 (c:/texlive/2025/texmf-dist/tex/latex/amsmath/amsmath.sty
Package: amsmath 2025/06/16 v2.17y AMS math features
\@mathmargin=\skip56

For additional information on amsmath, use the `?' option.
(c:/texlive/2025/texmf-dist/tex/latex/amsmath/amstext.sty
Package: amstext 2024/11/17 v2.01 AMS text
 (c:/texlive/2025/texmf-dist/tex/latex/amsmath/amsgen.sty
File: amsgen.sty 1999/11/30 v2.0 generic functions
\@emptytoks=\toks26
\ex@=\dimen198
)) (c:/texlive/2025/texmf-dist/tex/latex/amsmath/amsbsy.sty
Package: amsbsy 1999/11/29 v1.2d Bold Symbols
\pmbraise@=\dimen199
) (c:/texlive/2025/texmf-dist/tex/latex/amsmath/amsopn.sty
Package: amsopn 2022/04/08 v2.04 operator names
)
\inf@bad=\count303
LaTeX Info: Redefining \frac on input line 233.
\uproot@=\count304
\leftroot@=\count305
LaTeX Info: Redefining \overline on input line 398.
LaTeX Info: Redefining \colon on input line 409.
\classnum@=\count306
\DOTSCASE@=\count307
LaTeX Info: Redefining \ldots on input line 495.
LaTeX Info: Redefining \dots on input line 498.
LaTeX Info: Redefining \cdots on input line 619.
\Mathstrutbox@=\box123
\strutbox@=\box124
LaTeX Info: Redefining \big on input line 721.
LaTeX Info: Redefining \Big on input line 722.
LaTeX Info: Redefining \bigg on input line 723.
LaTeX Info: Redefining \Bigg on input line 724.
\big@size=\dimen256
LaTeX Font Info:    Redeclaring font encoding OML on input line 742.
LaTeX Font Info:    Redeclaring font encoding OMS on input line 743.
\macc@depth=\count308
LaTeX Info: Redefining \bmod on input line 904.
LaTeX Info: Redefining \pmod on input line 909.
LaTeX Info: Redefining \smash on input line 939.
LaTeX Info: Redefining \relbar on input line 969.
LaTeX Info: Redefining \Relbar on input line 970.
\c@MaxMatrixCols=\count309
\dotsspace@=\muskip17
\c@parentequation=\count310
\dspbrk@lvl=\count311
\tag@help=\toks27
\row@=\count312
\column@=\count313
\maxfields@=\count314
\andhelp@=\toks28
\eqnshift@=\dimen257
\alignsep@=\dimen258
\tagshift@=\dimen259
\tagwidth@=\dimen260
\totwidth@=\dimen261
\lineht@=\dimen262
\@envbody=\toks29
\multlinegap=\skip57
\multlinetaggap=\skip58
\mathdisplay@stack=\toks30
LaTeX Info: Redefining \[ on input line 2949.
LaTeX Info: Redefining \] on input line 2950.
) (c:/texlive/2025/texmf-dist/tex/latex/amsfonts/amssymb.sty
Package: amssymb 2013/01/14 v3.01 AMS font symbols
 (c:/texlive/2025/texmf-dist/tex/latex/amsfonts/amsfonts.sty
Package: amsfonts 2013/01/14 v3.01 Basic AMSFonts support
\symAMSa=\mathgroup5
\symAMSb=\mathgroup6
LaTeX Font Info:    Redeclaring math symbol \hbar on input line 98.
LaTeX Font Info:    Overwriting math alphabet `\mathfrak' in version `bold'
(Font)                  U/euf/m/n --> U/euf/b/n on input line 106.
)) (c:/texlive/texmf-local/tex/latex/emath/emathC.sty
Package: emathC 2025/06/03 v1.25
 (c:/texlive/2025/texmf-dist/tex/latex/tools/calc.sty
Package: calc 2025/03/01 v4.3b Infix arithmetic (KKT,FJ)
\calc@Acount=\count315
\calc@Bcount=\count316
\calc@Adimen=\dimen263
\calc@Bdimen=\dimen264
\calc@Askip=\skip59
\calc@Bskip=\skip60
LaTeX Info: Redefining \setlength on input line 86.
LaTeX Info: Redefining \addtolength on input line 87.
\calc@Ccount=\count317
\calc@Cskip=\skip61
) (c:/texlive/2025/texmf-dist/tex/latex/base/ifthen.sty
Package: ifthen 2024/03/16 v1.1e Standard LaTeX ifthen package (DPC)
) (c:/texlive/texmf-local/tex/latex/emath/emfpcalc.sty
Package: emfpcalc 2014/11/18 v0.01
 (c:/texlive/2025/texmf-dist/tex/latex/fp/fp-eval.sty
Package: fp-eval 1995/04/03
 `Fixed Point Calculator',        Version 0.9a (C) Michael Mehlich              (c:/texlive/2025/texmf-dist/tex/latex/fp/defpattern.sty
Package: defpattern 1994/10/12
 `\defpattern-macro (adapted from \howto (A. Jeffrey: TeX and TUG NEWS 2(2)))'
\actioncount=\count318
) (c:/texlive/2025/texmf-dist/tex/latex/fp/fp-upn.sty
Package: fp-upn 1996/10/21
 `UPN Fixed Point Calculator',    Version 2.1c (C) Michael Mehlich              (c:/texlive/2025/texmf-dist/tex/latex/fp/fp.sty
Package: fp 1995/04/02
 `Fixed Point Package', Version 0.8, April 2, 1995 (C) Michael Mehlich (c:/texlive/2025/texmf-dist/tex/latex/fp/fp-basic.sty
Package: fp-basic 1996/05/13
\FP@xs=\count319
\FP@xia=\count320
\FP@xib=\count321
\FP@xfa=\count322
\FP@xfb=\count323
\FP@rega=\count324
\FP@regb=\count325
\FP@regs=\count326
\FP@times=\count327
) (c:/texlive/2025/texmf-dist/tex/latex/fp/fp-addons.sty
Package: fp-addons 1995/03/15
) (c:/texlive/2025/texmf-dist/tex/latex/fp/fp-snap.sty
Package: fp-snap 1995/04/05
) (c:/texlive/2025/texmf-dist/tex/latex/fp/fp-exp.sty
Package: fp-exp 1995/04/03
) (c:/texlive/2025/texmf-dist/tex/latex/fp/fp-trigo.sty
Package: fp-trigo 1995/04/14
) (c:/texlive/2025/texmf-dist/tex/latex/fp/fp-pas.sty
Package: fp-pas 1994/08/29
) (c:/texlive/2025/texmf-dist/tex/latex/fp/fp-random.sty
Package: fp-random 1995/02/23
\FPseed=\count328
) (c:/texlive/2025/texmf-dist/tex/latex/fp/fp-eqn.sty
Package: fp-eqn 1995/04/03
))))) (c:/texlive/texmf-local/tex/latex/emath/EMhairetu.sty
Package: EMhairetu 2025/04/27 v0.06
)
\c@tempcnta=\count329
\templa=\dimen265
\templb=\dimen266
\h@ndle=\read3
\em@whndl=\write4
\emath@toks@=\toks31
\Sett@width=\dimen267
) (c:/texlive/texmf-local/tex/latex/emath/emathE.sty
Package: emathE 2025/05/25 v1.22 extended enumerate
 (c:/texlive/texmf-local/tex/latex/emath/emathEc.sty
Package: emathEc 2025/04/02 v0.25
 (c:/texlive/2025/texmf-dist/tex/latex/tools/enumerate.sty
Package: enumerate 2023/07/04 v3.00 enumerate extensions (DPC)
\@enLab=\toks32
) (c:/texlive/texmf-local/tex/latex/emath/emathLb.sty
Package: emathLb 2024/06/15 v 0.31
)
\kizami@ti=\count330
\syoki@ti=\count331
\em@label@box=\box125
\c@enumT=\count332
\c@enumTi=\count333
\c@enumTii=\count334
\c@enumTiii=\count335
) (c:/texlive/texmf-local/tex/latex/emath/jquote.sty
Package: jquote 2022/03/22 v0.16
)
\c@Enumi=\count336
\c@Enumii=\count337
\c@Enumiii=\count338
\c@Enumiv=\count339
\tkn@Enum@ang=\toks33
\tkn@Enum@opt=\toks34
) (c:/texlive/texmf-local/tex/latex/emath/EMconj.sty
Package: EMconj 2025/07/29 v0.00
)
\c@marginpar=\count340
\c@tempcntb=\count341
\templc=\dimen268
\Linewidth=\dimen269
\tempboxa=\box126
\tempboxb=\box127
\EMc@hizyosuu=\count342
\EMc@syou=\count343
\EMc@zyo@amari=\count344
\GCM=\count345
LaTeX Info: Redefining \to on input line 1555.
LaTeX Info: Redefining \maru on input line 2207.
\renritu@hidariyohaku=\dimen270
LaTeX Info: Redefining \mathstrut on input line 2732.
LaTeX Font Info:    Font shape `JY2/mc/m/n' will be
(Font)              scaled to size 7.69775pt on input line 2780.
LaTeX Font Info:    Font shape `JY2/mc/m/n' will be
(Font)              scaled to size 5.77332pt on input line 2780.
LaTeX Font Info:    Trying to load font information for U+msa on input line 2780.
 (c:/texlive/2025/texmf-dist/tex/latex/amsfonts/umsa.fd
File: umsa.fd 2013/01/14 v3.01 AMS symbols A
)
LaTeX Font Info:    Trying to load font information for U+msb on input line 2780.
 (c:/texlive/2025/texmf-dist/tex/latex/amsfonts/umsb.fd
File: umsb.fd 2013/01/14 v3.01 AMS symbols B
)
\@ltxlinelen=\dimen271
\fileophndl=\read4
LaTeX Info: Redefining \because on input line 3664.
LaTeX Info: Redefining \therefore on input line 3666.
 (c:/texlive/texmf-local/tex/latex/emath/kakkokukuri.sty)
\c@enumv=\count346
\c@enumvi=\count347
) (c:/texlive/texmf-local/tex/latex/emath/hako.sty
Package: hako 2024/12/17 v1.94
 (c:/texlive/2025/texmf-dist/tex/latex/tools/verbatim.sty
Package: verbatim 2024-01-22 v1.5x LaTeX2e package for verbatim enhancements
\every@verbatim=\toks35
\verbatim@line=\toks36
\verbatim@in@stream=\read5
)
\c@hako@mozisuu=\count348
\c@hakoban=\count349
\c@hakobanaiu=\count350
\c@hakobaniro=\count351
\c@hakobanAIU=\count352
\c@hakobanIRO=\count353
\c@hakobanara=\count354
\c@hakobanalp=\count355
\c@hakobanALP=\count356
\c@hakobanrma=\count357
\c@hakobanRMA=\count358
\c@hakobanmar=\count359
\c@hakobankan=\count360
\c@xh@koban=\count361
\c@xh@kobanaiu=\count362
\c@xh@kobaniro=\count363
\c@xh@kobanAIU=\count364
\c@xh@kobanIRO=\count365
\c@xh@kobanara=\count366
\c@xh@kobanalp=\count367
\c@xh@kobanALP=\count368
\c@xh@kobanrma=\count369
\c@xh@kobanRMA=\count370
\c@xh@kobanmar=\count371
\c@xh@kobankan=\count372
\@kosuuban=\count373
\H@kobox=\box128
\hako@skipa=\skip62
\h@koraise=\skip63
\hako@kai@rhndl=\read6
\hako@kai@hndl=\write5
\HKF@tabfmt=\toks37
\HakoKai@length=\skip64
\HakoKai@box=\box129
) (c:/texlive/texmf-local/tex/latex/emath/EMfbox.sty
Package: EMfbox 2025/09/23 v 0.92
 (c:/texlive/texmf-local/tex/latex/emath/emathPh.sty
Package: emathPh 2025/09/28 v 5.22
 (c:/texlive/2025/texmf-dist/tex/latex/eepic/epic.sty
Enhancements to Picture Environment. Version 1.2 - Released June 1, 1986
\@@multicnt=\count374
\d@lta=\count375
\@delta=\dimen272
\@@delta=\dimen273
\@gridcnt=\count376
\@joinkind=\count377
\@dotgap=\dimen274
\@ddotgap=\dimen275
\@x@diff=\count378
\@y@diff=\count379
\x@diff=\dimen276
\y@diff=\dimen277
\@dotbox=\box130
\num@segments=\count380
\num@segmentsi=\count381
\@datafile=\read7
) (c:/texlive/2025/texmf-dist/tex/latex/eepic/eepic.sty
Extension to Epic and LaTeX. Version 1.1e - Released Dec 21, 1999
\@gphlinewidth=\count382
\@eepictcnt=\count383
\@tempdimc=\dimen278
\maxovaldiam=\dimen279
\@filltype=\box131
)
load eepic
\@tempdimd=\dimen280
\DHS@seq=\toks38
\yasen@toks=\toks39
\tenretu@namae=\toks40
\namae@opt=\toks41
\@tmpla=\dimen281
\c@enumKT=\count384
LaTeX Info: Redefining \Deruta on input line 14938.
) (c:/texlive/texmf-local/tex/latex/emath/rectboxsikiri.sty
Package: rectboxsikiri 2024/10/14 v 0.01
)
\rectbox@item@box=\box132
\rectbox@bitem@box=\box133
\ps@box=\box134
\psfboxW=\dimen282
\psfboxV=\dimen283
\rectb@x=\box135
\brace@box=\box136
) (c:/texlive/texmf-local/tex/latex/emath/abcgreek.sty
Package: abcgreek 2025/06/12 v0.01
) (c:/texlive/texmf-local/tex/latex/emath/emathEy.sty
Package: emathEy 2022/02/24 v0.42 横並び enumerate
\eda@box=\box137
\ed@beta@box=\box138
\c@edamon@suu=\count385
\edaitemindent=\dimen284
\pre@edasep=\dimen285
\post@edasep=\dimen286
\preedaenumskip=\dimen287
\postedaenumskip=\dimen288
\yokoenum@wd=\dimen289
) (c:/texlive/texmf-local/tex/latex/emath/emathG.sty
Package: emathG 2022/04/29 v 0.21a
 (c:/texlive/texmf-local/tex/latex/emath/emathPxy.sty
Package: emathPxy 2023/09/10 v 0.62
\xunitlength=\dimen290
\yunitlength=\dimen291
)) (c:/texlive/texmf-local/tex/latex/emath/emathT.sty
Package: emathT 2025/03/10 v0.87a
\emT@box=\box139
 (c:/texlive/2025/texmf-dist/tex/latex/tools/array.sty
Package: array 2025/06/08 v2.6j Tabular extension package (FMi)
\col@sep=\dimen292
\ar@mcellbox=\box140
\extrarowheight=\dimen293
\NC@list=\toks42
\extratabsurround=\skip65
\backup@length=\skip66
\ar@cellbox=\box141
) (c:/texlive/2025/texmf-dist/tex/latex/tools/hhline.sty
Package: hhline 2020/01/04 v2.04 Table rule package (DPC)
)
\pl@in=\read8
\rowtotalheight=\dimen294
\rowheight=\dimen295
\rowdepth=\dimen296
\hyouretuhaba=\dimen297
\emT@w=\dimen298
\emT@h=\dimen299
\emT@@h=\dimen300
\emT@d=\dimen301
\emT@@d=\dimen302
\emT@r=\dimen303
\arrayrulewidthb=\dimen304
\arrayrulewidthc=\dimen305
 (c:/texlive/texmf-local/tex/latex/emath/zougenhyou.sty
Package: zougenhyou 2017/04/02 v0.07
) (c:/texlive/texmf-local/tex/latex/emath/outotuhyou.sty
Package: outotuhyou 2014/06/18 v0.01
)) (c:/texlive/texmf-local/tex/latex/emath/emathPs.sty
Package: emathPs 2023/09/07 v 2.11
 (c:/texlive/texmf-local/tex/latex/emath/emathPp.sty
Package: emathPp 2024/10/12 v 1.29
 (c:/texlive/texmf-local/tex/latex/emath/emathPl.sty
Package: emathPl 2025/02/15 v 0.47
\pl@in=\read9
) (c:/texlive/texmf-local/tex/latex/emath/Ytenretu.sty
Package: Ytenretu 2013/06/25 v0.04alpha
)) (c:/texlive/2025/texmf-dist/tex/latex/lastpage/lastpage209.sty)
\EMps@out=\write6
\c@EMps@flnm=\count386
 (c:/texlive/texmf-local/tex/latex/emath/pszahyou.sty
Package: pszahyou 2025/09/30 v 2.47
)
\ps@NMbox=\box142
\ps@bNMbox=\box143
) (c:/texlive/texmf-local/tex/latex/emath/emathR.sty
Package: emathR 2025/07/27 v0.30c read source files.
 (c:/texlive/2025/texmf-dist/tex/latex/docmute/docmute.sty
Package: docmute 2012/03/22 v1.4 Input stand-alone documents
)) (c:/texlive/texmf-local/tex/latex/emath/emathAe.sty
\c@kaitou@syorihou=\count387
Package: emathAe 2025/05/19 v0.87
\enum@fmti=\toks43
\enum@fmtii=\toks44
\enum@fmtiii=\toks45
\enum@fmtiv=\toks46
\enum@opti=\toks47
\enum@optii=\toks48
\enum@optiii=\toks49
\enum@optiv=\toks50
\enum@fmtv=\toks51
\enum@fmtvi=\toks52
\enum@optv=\toks53
\enum@optvi=\toks54
\Ae@tokena=\toks55
\Kai@Midasi=\toks56
\kaitou@out=\write7
\hint@out=\write8
\KKai@whndl=\write9
) (c:/texlive/texmf-local/tex/latex/emath/emathThm.sty
Package: emathThm 2025/04/03 v0.27
 (c:/texlive/2025/texmf-dist/tex/latex/tools/theorem.sty
Package: theorem 2024/08/06 v2.2c Theorem extension package (FMi)
\theorem@style=\toks57
\theorem@bodyfont=\toks58
\theorempreskipamount=\skip67
\theorempostskipamount=\skip68
 (c:/texlive/2025/texmf-dist/tex/latex/tools/thp.sty
File: thp.sty 2024/08/06 v2.2c Theorem extension package (FMi)
))
\c@mycnta=\count388
 (c:/texlive/texmf-local/tex/latex/emath/EMthp.sty)) (c:/texlive/texmf-local/tex/latex/emath/EMpict2e.sty
Package: EMpict2e 2025/06/21 v0.13a
 (c:/texlive/2025/texmf-dist/tex/latex/pict2e/pict2e.sty
Package: pict2e 2020/09/30 v0.4b Improved picture commands (HjG,RN,JT)
 (c:/texlive/2025/texmf-dist/tex/latex/pict2e/pict2e.cfg
File: pict2e.cfg 2016/02/05 v0.1u pict2e configuration for teTeX/TeXLive
)
Package pict2e Info: Driver file: dvipdfmx.def on input line 112.
Package pict2e Info: Driver file for pict2e: p2e-dvipdfmx.def on input line 114.
 (c:/texlive/2025/texmf-dist/tex/latex/pict2e/p2e-dvipdfmx.def
File: p2e-dvipdfmx.def 2016/02/05 v0.1u Driver-dependant file (RN,HjG,JT)
)
\pIIe@GRAPH=\toks59
\@arclen=\dimen306
\@arcrad=\dimen307
\pIIe@tempdima=\dimen308
\pIIe@tempdimb=\dimen309
\pIIe@tempdimc=\dimen310
\pIIe@tempdimd=\dimen311
\pIIe@tempdime=\dimen312
\pIIe@tempdimf=\dimen313


Package pict2e Warning: \arc redefined on input line 682.

)) (c:/texlive/texmf-local/tex/latex/emath/emathOtf.sty
Package: emathOtf 2024/05/19 v 0.16
 (c:/texlive/2025/texmf-dist/tex/platex/japanese-otf/otf.sty
Package: otf 2025/07/24 TeX JP org, v1.7b8 psitau, u0.32 ttk
LaTeX Font Info:    Redeclaring symbol font `mincho' on input line 354.
LaTeX Font Info:    Overwriting symbol font `mincho' in version `normal'
(Font)                  JY2/mc/m/n --> JY2/hmc/m/n on input line 354.
LaTeX Font Info:    Overwriting symbol font `mincho' in version `bold'
(Font)                  JY2/gt/m/n --> JY2/hmc/m/n on input line 354.
LaTeX Font Info:    Overwriting symbol font `mincho' in version `bold'
(Font)                  JY2/hmc/m/n --> JY2/hmc/bx/n on input line 356.
LaTeX Font Info:    Redeclaring math alphabet \mathgt on input line 357.
LaTeX Font Info:    Overwriting math alphabet `\mathgt' in version `normal'
(Font)                  JY2/gt/m/n --> JY2/hgt/m/n on input line 357.
LaTeX Font Info:    Overwriting math alphabet `\mathgt' in version `bold'
(Font)                  JY2/gt/m/n --> JY2/hgt/m/n on input line 357.
LaTeX Font Info:    Overwriting math alphabet `\mathgt' in version `bold'
(Font)                  JY2/hgt/m/n --> JY2/hgt/bx/n on input line 358.
 (c:/texlive/2025/texmf-dist/tex/platex/japanese-otf/ajmacros.sty
Package: ajmacros 2019/04/01 21:00 iNOUE Koich! <inoue@ma.ns.musashi-tech.ac.jp>
\@tempcntc=\count389
\@tempcntd=\count390
\@tempcnte=\count391
\@tempcntf=\count392
)) (c:/texlive/texmf-local/tex/latex/emath/EMajmacros.sty
Package: EMajmacros 2025/06/11 v 0.20
\c@aj@counter=\count393
LaTeX Info: Redefining \ajMaru on input line 49.
LaTeX Info: Redefining \ajMaruAlph on input line 92.
LaTeX Info: Redefining \ajMarualph on input line 109.
LaTeX Info: Redefining \ajKuroMaru on input line 121.
LaTeX Info: Redefining \ajKaku on input line 130.
LaTeX Info: Redefining \ajKuroKaku on input line 141.
LaTeX Info: Redefining \ajMaruKaku on input line 153.
LaTeX Info: Redefining \ajKuroMaruKaku on input line 165.
LaTeX Info: Redefining \ajKakko on input line 175.
LaTeX Info: Redefining \ajRoman on input line 187.
LaTeX Info: Redefining \ajroman on input line 195.
LaTeX Info: Redefining \ajKakkoroman on input line 203.
LaTeX Info: Redefining \ajKakkoRoman on input line 206.
LaTeX Info: Redefining \ajKakkoHira on input line 209.
LaTeX Info: Redefining \ajKakkoKata on input line 211.
LaTeX Info: Redefining \ajKakkoAlph on input line 223.
LaTeX Info: Redefining \ajMaruKata on input line 238.
)) (c:/texlive/texmf-local/tex/latex/emath/EMthbx.sty)
\c@katei=\count394
Package caption Info: Option `figurename' requires the `newfloat' package on input line 36.
 (c:/texlive/2025/texmf-dist/tex/latex/newfloat/newfloat.sty
Package: newfloat 2023/10/01 v1.2 Defining new floating environments (AR)
))
LaTeX Font Info:    Font shape `JT2/hmc/m/n' will be
(Font)              scaled to size 10.53629pt on input line 5.
LaTeX Font Info:    Font shape `JY2/hmc/m/n' will be
(Font)              scaled to size 10.53629pt on input line 5.
 (c:/texlive/2025/texmf-dist/tex/latex/l3backend/l3backend-dvipdfmx.def
File: l3backend-dvipdfmx.def 2025-06-09 L3 backend support: dvipdfmx
\g__graphics_track_int=\count395
\g__pdfannot_backend_int=\count396
\g__pdfannot_backend_link_int=\count397
) (./ACTXXXX_main.aux)
\openout1 = `ACTXXXX_main.aux'.

LaTeX Font Info:    Checking defaults for OML/cmm/m/it on input line 5.
LaTeX Font Info:    ... okay on input line 5.
LaTeX Font Info:    Checking defaults for OMS/cmsy/m/n on input line 5.
LaTeX Font Info:    ... okay on input line 5.
LaTeX Font Info:    Checking defaults for OT1/cmr/m/n on input line 5.
LaTeX Font Info:    ... okay on input line 5.
LaTeX Font Info:    Checking defaults for T1/cmr/m/n on input line 5.
LaTeX Font Info:    ... okay on input line 5.
LaTeX Font Info:    Checking defaults for TS1/cmr/m/n on input line 5.
LaTeX Font Info:    ... okay on input line 5.
LaTeX Font Info:    Checking defaults for OMX/cmex/m/n on input line 5.
LaTeX Font Info:    ... okay on input line 5.
LaTeX Font Info:    Checking defaults for U/cmr/m/n on input line 5.
LaTeX Font Info:    ... okay on input line 5.
LaTeX Font Info:    Checking defaults for JY2/mc/m/n on input line 5.
LaTeX Font Info:    ... okay on input line 5.
LaTeX Font Info:    Checking defaults for JT2/mc/m/n on input line 5.
LaTeX Font Info:    ... okay on input line 5.

*geometry* detected driver: dvipdfm
*geometry* verbose mode - [ preamble ] result:
* driver: dvipdfm
* paper: <default>
* layout: <same size as paper>
* layoutoffset:(h,v)=(0.0pt,0.0pt)
* modes: 
* h-part:(L,W,R)=(56.9055pt, 483.69687pt, 56.9055pt)
* v-part:(T,H,B)=(56.9055pt, 731.23584pt, 56.9055pt)
* \paperwidth=597.50787pt
* \paperheight=845.04684pt
* \textwidth=483.69687pt
* \textheight=731.23584pt
* \oddsidemargin=-15.36449pt
* \evensidemargin=-15.36449pt
* \topmargin=-52.36449pt
* \headheight=12.0pt
* \headsep=25.0pt
* \topskip=9.27193pt
* \footskip=30.0pt
* \marginparwidth=60.0pt
* \marginparsep=10.0pt
* \columnsep=21.07257pt
* \skip\footins=10.0pt plus 4.0pt minus 2.0pt
* \hoffset=0.0pt
* \voffset=0.0pt
* \mag=1000
* \@twocolumnfalse
* \@twosidefalse
* \@mparswitchfalse
* \@reversemarginfalse
* (1in=72.27pt=25.4mm, 1cm=28.453pt)

Package caption Info: Begin \AtBeginDocument code.
Package caption Info: End \AtBeginDocument code.
(c:/texlive/texmf-local/tex/latex/emath/emathK.sty
Package: emathK 2025/04/27 0.18
)
LaTeX Info: Redefining \colorbox on input line 5.
 (c:/texlive/texmf-local/tex/latex/emath/EMcolor.sty
Package: EMcolor 2025/07/24 v 0.04
 (c:/texlive/texmf-local/tex/latex/emath/EMrgbcolornam.def
File: EMrgbcolornam.def 2008/08/16 v0.01
))
Package newfloat Info: `float' package detected.
\docmute@nestinglevel=\count398
\openout7 = `./ACTXXXX_main.k1'.

 (./ACTXXXX_instruction.tex
LaTeX Font Info:    Font shape `JT2/hmc/m/n' will be
(Font)              scaled to size 19.95642pt on input line 7.
LaTeX Font Info:    Font shape `JY2/hmc/m/n' will be
(Font)              scaled to size 19.95642pt on input line 7.
LaTeX Font Info:    Font shape `JT2/hmc/bx/n' will be
(Font)              scaled to size 19.95642pt on input line 7.
LaTeX Font Info:    Font shape `JY2/hmc/bx/n' will be
(Font)              scaled to size 19.95642pt on input line 7.
LaTeX Font Info:    Font shape `JT2/hmc/m/n' will be
(Font)              scaled to size 13.85594pt on input line 9.
LaTeX Font Info:    Font shape `JY2/hmc/m/n' will be
(Font)              scaled to size 13.85594pt on input line 9.
LaTeX Font Info:    Font shape `JT2/hmc/bx/n' will be
(Font)              scaled to size 13.85594pt on input line 9.
LaTeX Font Info:    Font shape `JY2/hmc/bx/n' will be
(Font)              scaled to size 13.85594pt on input line 9.
LaTeX Font Info:    Font shape `JT2/cidj/m/-' will be
(Font)              scaled to size 13.85594pt on input line 12.
LaTeX Font Info:    Font shape `JY2/cidj/m/-' will be
(Font)              scaled to size 13.85594pt on input line 12.
LaTeX Font Info:    Font shape `JY2/hmc/m/n' will be
(Font)              scaled to size 7.69775pt on input line 19.
LaTeX Font Info:    Font shape `JY2/hmc/m/n' will be
(Font)              scaled to size 5.77332pt on input line 19.


LaTeX Warning: The counter will not be printed.
             The label is: \protect \ajMaru  {\arabic *} on input line 40.


LaTeX Warning: The counter will not be printed.
             The label is: \protect \ajMaru  {\arabic *} on input line 45.



[1

]
LaTeX Font Info:    Font shape `JT2/hgt/m/n' will be
(Font)              scaled to size 13.85594pt on input line 61.
LaTeX Font Info:    Font shape `JY2/hgt/m/n' will be
(Font)              scaled to size 13.85594pt on input line 61.
LaTeX Font Info:    Font shape `JY2/hmc/m/n' will be
(Font)              scaled to size 9.6222pt on input line 61.
LaTeX Font Info:    Font shape `JY2/hmc/m/n' will be
(Font)              scaled to size 6.73553pt on input line 61.
LaTeX Font Info:    Font shape `JT2/hmc/m/n' will be
(Font)              scaled to size 9.6222pt on input line 64.
LaTeX Font Info:    Font shape `JT2/hmc/m/n' will be
(Font)              scaled to size 6.73553pt on input line 64.


[1

])
LaTeX Font Info:    Font shape `JT2/hmc/m/n' will be
(Font)              scaled to size 16.62714pt on input line 19.
LaTeX Font Info:    Font shape `JY2/hmc/m/n' will be
(Font)              scaled to size 16.62714pt on input line 19.
LaTeX Font Info:    Font shape `JT2/hmc/bx/n' will be
(Font)              scaled to size 16.62714pt on input line 19.
LaTeX Font Info:    Font shape `JY2/hmc/bx/n' will be
(Font)              scaled to size 16.62714pt on input line 19.
LaTeX Font Info:    Font shape `JT2/hmc/m/n' will be
(Font)              scaled to size 23.94002pt on input line 19.
LaTeX Font Info:    Font shape `JY2/hmc/m/n' will be
(Font)              scaled to size 23.94002pt on input line 19.
LaTeX Font Info:    Font shape `JT2/hmc/bx/n' will be
(Font)              scaled to size 10.53629pt on input line 19.
LaTeX Font Info:    Font shape `JY2/hmc/bx/n' will be
(Font)              scaled to size 10.53629pt on input line 19.
 (./question/arcaea/XXXX101.tex)

[1

] (./question/arcaea/XXXX102.tex)

[2] (./question/arts/XXXX201.tex)

[3] (./question/arts/XXXX202.tex)

[4] (./question/science/XXXX301.tex)

[5] (./question/science/XXXX302.tex)

[6] (./ACTXXXX_main.aux)
 ***********
pLaTeX2e <2023-02-14u04>+1, based on
LaTeX2e <2025-06-01> patch level 1
L3 programming layer <2025-08-13>
 ***********
 ) 
Here is how much of TeX's memory you used:
 21059 strings out of 469908
 269950 string characters out of 5484542
 893613 words of memory out of 5000000
 49309 multiletter control sequences out of 15000+600000
 645261 words of font info for 130 fonts, out of 8000000 for 9000
 36 hyphenation exceptions out of 8191
 130i,11n,129p,478b,1025s stack positions out of 10000i,1000n,20000p,200000b,200000s

Output written on ACTXXXX_main.dvi (8 pages, 11076 bytes).
