This is e-upTeX, Version 3.141592653-p4.1.2-u2.00-250202-2.6 (utf8.uptex) (TeX Live 2025) (preloaded format=uplatex 2025.9.10)  21 MAR 2026 23:16
entering extended mode
 restricted \write18 enabled.
 file:line:error style messages enabled.
 %&-line parsing enabled.
**c:/Users/renjy/projects/ACT-TeX/main_2027/question/ACT2027_main.tex
(c:/Users/renjy/projects/ACT-TeX/main_2027/question/ACT2027_main.tex
pLaTeX2e <2023-02-14u04>+1, based on
LaTeX2e <2025-06-01> patch level 1
L3 programming layer <2025-08-13>
(c:/texlive/2025/texmf-dist/tex/uplatex/base/ujarticle.cls
Document Class: ujarticle 2020/09/30 v1.8f-u00 Standard upLaTeX class
\c@@paper=\count274
(c:/texlive/2025/texmf-dist/tex/latex/base/fleqn.clo
File: fleqn.clo 2016/12/29 v1.2b Standard LaTeX option (flush left equations)
\mathindent=\skip49
Applying: [2015/01/01] Make \[ robust on input line 50.
LaTeX Info: Redefining \[ on input line 51.
Already applied: [0000/00/00] Make \[ robust on input line 62.
Applying: [2015/01/01] Make \] robust on input line 74.
LaTeX Info: Redefining \] on input line 75.
Already applied: [0000/00/00] Make \] robust on input line 83.
) (c:/texlive/2025/texmf-dist/tex/uplatex/base/ujsize12.clo
File: ujsize12.clo 2020/09/30 v1.8f-u00 Standard upLaTeX file (size option)
LaTeX Font Info:    Font shape `JT2/mc/m/n' will be
(Font)              scaled to size 11.54663pt on input line 28.
LaTeX Font Info:    Font shape `JY2/mc/m/n' will be
(Font)              scaled to size 11.54663pt on input line 28.
)
\c@part=\count275
\c@section=\count276
\c@subsection=\count277
\c@subsubsection=\count278
\c@paragraph=\count279
\c@subparagraph=\count280
\c@figure=\count281
\c@table=\count282
\abovecaptionskip=\skip50
\belowcaptionskip=\skip51
\symmincho=\mathgroup4
LaTeX Font Info:    Overwriting symbol font `mincho' in version `bold'
(Font)                  JY2/mc/m/n --> JY2/gt/m/n on input line 616.
\toclineskip=\dimen164
\@lnumwidth=\dimen165
\bibindent=\dimen166
\heisei=\count283
) (c:/texlive/2025/texmf-dist/tex/latex/graphics/graphicx.sty
Package: graphicx 2024/12/31 v1.2e Enhanced LaTeX Graphics (DPC,SPQR)
 (c:/texlive/2025/texmf-dist/tex/latex/graphics/keyval.sty
Package: keyval 2022/05/29 v1.15 key=value parser (DPC)
\KV@toks@=\toks18
) (c:/texlive/2025/texmf-dist/tex/latex/graphics/graphics.sty
Package: graphics 2024/08/06 v1.4g Standard LaTeX Graphics (DPC,SPQR)
 (c:/texlive/2025/texmf-dist/tex/latex/graphics/trig.sty
Package: trig 2023/12/02 v1.11 sin cos tan (DPC)
) (c:/texlive/2025/texmf-dist/tex/latex/graphics-cfg/graphics.cfg
File: graphics.cfg 2016/06/04 v1.11 sample graphics configuration
)
Package graphics Info: Driver file: dvipdfmx.def on input line 106.
 (c:/texlive/2025/texmf-dist/tex/latex/graphics-def/dvipdfmx.def
File: dvipdfmx.def 2022/09/22 v5.0m Graphics/color driver for dvipdfmx
))
\Gin@req@height=\dimen167
\Gin@req@width=\dimen168
) (c:/texlive/2025/texmf-dist/tex/latex/graphics/color.sty
Package: color 2025/01/14 v1.3e Standard LaTeX Color (DPC)
 (c:/texlive/2025/texmf-dist/tex/latex/graphics-cfg/color.cfg
File: color.cfg 2016/01/02 v1.6 sample color configuration
)
Package color Info: Driver file: dvipdfmx.def on input line 149.
 (c:/texlive/2025/texmf-dist/tex/latex/graphics/dvipsnam.def
File: dvipsnam.def 2016/06/17 v3.0m Driver-dependent file (DPC,SPQR)
) (c:/texlive/2025/texmf-dist/tex/latex/graphics/mathcolor.ltx)) (c:/texlive/2025/texmf-dist/tex/latex/geometry/geometry.sty
Package: geometry 2020/01/02 v5.9 Page Geometry
 (c:/texlive/2025/texmf-dist/tex/generic/iftex/ifvtex.sty
Package: ifvtex 2019/10/25 v1.7 ifvtex legacy package. Use iftex instead.
 (c:/texlive/2025/texmf-dist/tex/generic/iftex/iftex.sty
Package: iftex 2024/12/12 v1.0g TeX engine tests
))
\Gm@cnth=\count284
\Gm@cntv=\count285
\c@Gm@tempcnt=\count286
\Gm@bindingoffset=\dimen169
\Gm@wd@mp=\dimen170
\Gm@odd@mp=\dimen171
\Gm@even@mp=\dimen172
\Gm@layoutwidth=\dimen173
\Gm@layoutheight=\dimen174
\Gm@layouthoffset=\dimen175
\Gm@layoutvoffset=\dimen176
\Gm@dimlist=\toks19
) (c:/texlive/2025/texmf-dist/tex/latex/tools/multicol.sty
Package: multicol 2025/05/25 v2.0a multicolumn formatting (FMi)
\c@tracingmulticols=\count287
\mult@box=\box70
\multicol@leftmargin=\dimen177
\c@unbalance=\count288
\c@collectmore=\count289
\doublecol@number=\count290
\multicoltolerance=\count291
\multicolpretolerance=\count292
\full@width=\dimen178
\page@free=\dimen179
\premulticols=\dimen180
\postmulticols=\dimen181
\multicolsep=\skip52
\multicolbaselineskip=\skip53
\partial@page=\box71
\last@line=\box72
\mc@boxedresult=\box73
\maxbalancingoverflow=\dimen182
\mult@rightbox=\box74
\mult@grightbox=\box75
\mult@firstbox=\box76
\mult@gfirstbox=\box77
\@tempa=\box78
\@tempa=\box79
\@tempa=\box80
\@tempa=\box81
\@tempa=\box82
\@tempa=\box83
\@tempa=\box84
\@tempa=\box85
\@tempa=\box86
\@tempa=\box87
\@tempa=\box88
\@tempa=\box89
\@tempa=\box90
\@tempa=\box91
\@tempa=\box92
\@tempa=\box93
\@tempa=\box94
\@tempa=\box95
\@tempa=\box96
\@tempa=\box97
\@tempa=\box98
\@tempa=\box99
\@tempa=\box100
\@tempa=\box101
\@tempa=\box102
\@tempa=\box103
\@tempa=\box104
\@tempa=\box105
\@tempa=\box106
\@tempa=\box107
\@tempa=\box108
\@tempa=\box109
\@tempa=\box110
\@tempa=\box111
\@tempa=\box112
\@tempa=\box113
\c@minrows=\count293
\c@columnbadness=\count294
\c@finalcolumnbadness=\count295
\last@try=\dimen183
\multicolovershoot=\dimen184
\multicolundershoot=\dimen185
\mult@nat@firstbox=\box114
\colbreak@box=\box115
\mc@col@check@num=\count296
\g__mc_curr_col_int=\count297
) (c:/texlive/2025/texmf-dist/tex/latex/varwidth/varwidth.sty
Package: varwidth 2009/03/30 ver 0.92;  Variable-width minipages
\@vwid@box=\box116
\sift@deathcycles=\count298
\@vwid@loff=\dimen186
\@vwid@roff=\dimen187
)
==> First Aid for varwidth.sty applied!
(c:/texlive/2025/texmf-dist/tex/latex/float/float.sty
Package: float 2001/11/08 v1.3d Float enhancements (AL)
\c@float@type=\count299
\float@exts=\toks20
\float@box=\box117
\@float@everytoks=\toks21
\@floatcapt=\box118
) (c:/texlive/2025/texmf-dist/tex/latex/caption/caption.sty
Package: caption 2023/08/05 v3.6o Customizing captions (AR)
 (c:/texlive/2025/texmf-dist/tex/latex/caption/caption3.sty
Package: caption3 2023/07/31 v2.4d caption3 kernel (AR)
\caption@tempdima=\dimen188
\captionmargin=\dimen189
\caption@leftmargin=\dimen190
\caption@rightmargin=\dimen191
\caption@width=\dimen192
\caption@indent=\dimen193
\caption@parindent=\dimen194
\caption@hangindent=\dimen195
Package caption Info: Unknown document class (or package),
(caption)             standard defaults will be used.
Package caption Info: \@makecaption = \long macro:#1#2->\vskip \abovecaptionskip \iftdir \sbox \@tempboxa {#1\hskip 1zw#2}\else \sbox \@tempboxa {#1: #2}\fi \ifdim \wd \@tempboxa >\hsize \iftdir #1\hskip 1zw#2\relax \par \else #1: #2\relax \par \fi \else \global \@minipagefalse \hb@xt@ \hsize {\hfil \box \@tempboxa \hfil }\fi \vskip \belowcaptionskip  on input line 1175.
)

Package caption Warning: Unknown document class (or package),
(caption)                standard defaults will be used.
See the caption package documentation for explanation.

\c@caption@flags=\count300
\c@continuedfloat=\count301
Package caption Info: float package is loaded.
) (c:/texlive/texmf-local/tex/latex/emath/emath.sty
\EM@boxa=\box119
\bsityuubox=\box120
Package: emath 2025/07/30 v3.06b
 (c:/texlive/2025/texmf-dist/tex/latex/amsmath/amsmath.sty
Package: amsmath 2025/06/16 v2.17y AMS math features
\@mathmargin=\skip54

For additional information on amsmath, use the `?' option.
(c:/texlive/2025/texmf-dist/tex/latex/amsmath/amstext.sty
Package: amstext 2024/11/17 v2.01 AMS text
 (c:/texlive/2025/texmf-dist/tex/latex/amsmath/amsgen.sty
File: amsgen.sty 1999/11/30 v2.0 generic functions
\@emptytoks=\toks22
\ex@=\dimen196
)) (c:/texlive/2025/texmf-dist/tex/latex/amsmath/amsbsy.sty
Package: amsbsy 1999/11/29 v1.2d Bold Symbols
\pmbraise@=\dimen197
) (c:/texlive/2025/texmf-dist/tex/latex/amsmath/amsopn.sty
Package: amsopn 2022/04/08 v2.04 operator names
)
\inf@bad=\count302
LaTeX Info: Redefining \frac on input line 233.
\uproot@=\count303
\leftroot@=\count304
LaTeX Info: Redefining \overline on input line 398.
LaTeX Info: Redefining \colon on input line 409.
\classnum@=\count305
\DOTSCASE@=\count306
LaTeX Info: Redefining \ldots on input line 495.
LaTeX Info: Redefining \dots on input line 498.
LaTeX Info: Redefining \cdots on input line 619.
\Mathstrutbox@=\box121
\strutbox@=\box122
LaTeX Info: Redefining \big on input line 721.
LaTeX Info: Redefining \Big on input line 722.
LaTeX Info: Redefining \bigg on input line 723.
LaTeX Info: Redefining \Bigg on input line 724.
\big@size=\dimen198
LaTeX Font Info:    Redeclaring font encoding OML on input line 742.
LaTeX Font Info:    Redeclaring font encoding OMS on input line 743.
\macc@depth=\count307
LaTeX Info: Redefining \bmod on input line 904.
LaTeX Info: Redefining \pmod on input line 909.
LaTeX Info: Redefining \smash on input line 939.
LaTeX Info: Redefining \relbar on input line 969.
LaTeX Info: Redefining \Relbar on input line 970.
\c@MaxMatrixCols=\count308
\dotsspace@=\muskip17
\c@parentequation=\count309
\dspbrk@lvl=\count310
\tag@help=\toks23
\row@=\count311
\column@=\count312
\maxfields@=\count313
\andhelp@=\toks24
\eqnshift@=\dimen199
\alignsep@=\dimen256
\tagshift@=\dimen257
\tagwidth@=\dimen258
\totwidth@=\dimen259
\lineht@=\dimen260
\@envbody=\toks25
\multlinegap=\skip55
\multlinetaggap=\skip56
\mathdisplay@stack=\toks26
LaTeX Info: Redefining \[ on input line 2949.
LaTeX Info: Redefining \] on input line 2950.
) (c:/texlive/2025/texmf-dist/tex/latex/amsfonts/amssymb.sty
Package: amssymb 2013/01/14 v3.01 AMS font symbols
 (c:/texlive/2025/texmf-dist/tex/latex/amsfonts/amsfonts.sty
Package: amsfonts 2013/01/14 v3.01 Basic AMSFonts support
\symAMSa=\mathgroup5
\symAMSb=\mathgroup6
LaTeX Font Info:    Redeclaring math symbol \hbar on input line 98.
LaTeX Font Info:    Overwriting math alphabet `\mathfrak' in version `bold'
(Font)                  U/euf/m/n --> U/euf/b/n on input line 106.
)) (c:/texlive/texmf-local/tex/latex/emath/emathC.sty
Package: emathC 2025/06/03 v1.25
 (c:/texlive/2025/texmf-dist/tex/latex/tools/calc.sty
Package: calc 2025/03/01 v4.3b Infix arithmetic (KKT,FJ)
\calc@Acount=\count314
\calc@Bcount=\count315
\calc@Adimen=\dimen261
\calc@Bdimen=\dimen262
\calc@Askip=\skip57
\calc@Bskip=\skip58
LaTeX Info: Redefining \setlength on input line 86.
LaTeX Info: Redefining \addtolength on input line 87.
\calc@Ccount=\count316
\calc@Cskip=\skip59
) (c:/texlive/2025/texmf-dist/tex/latex/base/ifthen.sty
Package: ifthen 2024/03/16 v1.1e Standard LaTeX ifthen package (DPC)
) (c:/texlive/texmf-local/tex/latex/emath/emfpcalc.sty
Package: emfpcalc 2014/11/18 v0.01
 (c:/texlive/2025/texmf-dist/tex/latex/fp/fp-eval.sty
Package: fp-eval 1995/04/03
 `Fixed Point Calculator',        Version 0.9a (C) Michael Mehlich              (c:/texlive/2025/texmf-dist/tex/latex/fp/defpattern.sty
Package: defpattern 1994/10/12
 `\defpattern-macro (adapted from \howto (A. Jeffrey: TeX and TUG NEWS 2(2)))'
\actioncount=\count317
) (c:/texlive/2025/texmf-dist/tex/latex/fp/fp-upn.sty
Package: fp-upn 1996/10/21
 `UPN Fixed Point Calculator',    Version 2.1c (C) Michael Mehlich              (c:/texlive/2025/texmf-dist/tex/latex/fp/fp.sty
Package: fp 1995/04/02
 `Fixed Point Package', Version 0.8, April 2, 1995 (C) Michael Mehlich (c:/texlive/2025/texmf-dist/tex/latex/fp/fp-basic.sty
Package: fp-basic 1996/05/13
\FP@xs=\count318
\FP@xia=\count319
\FP@xib=\count320
\FP@xfa=\count321
\FP@xfb=\count322
\FP@rega=\count323
\FP@regb=\count324
\FP@regs=\count325
\FP@times=\count326
) (c:/texlive/2025/texmf-dist/tex/latex/fp/fp-addons.sty
Package: fp-addons 1995/03/15
) (c:/texlive/2025/texmf-dist/tex/latex/fp/fp-snap.sty
Package: fp-snap 1995/04/05
) (c:/texlive/2025/texmf-dist/tex/latex/fp/fp-exp.sty
Package: fp-exp 1995/04/03
) (c:/texlive/2025/texmf-dist/tex/latex/fp/fp-trigo.sty
Package: fp-trigo 1995/04/14
) (c:/texlive/2025/texmf-dist/tex/latex/fp/fp-pas.sty
Package: fp-pas 1994/08/29
) (c:/texlive/2025/texmf-dist/tex/latex/fp/fp-random.sty
Package: fp-random 1995/02/23
\FPseed=\count327
) (c:/texlive/2025/texmf-dist/tex/latex/fp/fp-eqn.sty
Package: fp-eqn 1995/04/03
))))) (c:/texlive/texmf-local/tex/latex/emath/EMhairetu.sty
Package: EMhairetu 2025/04/27 v0.06
)
\c@tempcnta=\count328
\templa=\dimen263
\templb=\dimen264
\h@ndle=\read2
\em@whndl=\write3
\emath@toks@=\toks27
\Sett@width=\dimen265
) (c:/texlive/texmf-local/tex/latex/emath/emathE.sty
Package: emathE 2025/05/25 v1.22 extended enumerate
 (c:/texlive/texmf-local/tex/latex/emath/emathEc.sty
Package: emathEc 2025/04/02 v0.25
 (c:/texlive/2025/texmf-dist/tex/latex/tools/enumerate.sty
Package: enumerate 2023/07/04 v3.00 enumerate extensions (DPC)
\@enLab=\toks28
) (c:/texlive/texmf-local/tex/latex/emath/emathLb.sty
Package: emathLb 2024/06/15 v 0.31
)
\kizami@ti=\count329
\syoki@ti=\count330
\em@label@box=\box123
\c@enumT=\count331
\c@enumTi=\count332
\c@enumTii=\count333
\c@enumTiii=\count334
) (c:/texlive/texmf-local/tex/latex/emath/jquote.sty
Package: jquote 2022/03/22 v0.16
)
\c@Enumi=\count335
\c@Enumii=\count336
\c@Enumiii=\count337
\c@Enumiv=\count338
\tkn@Enum@ang=\toks29
\tkn@Enum@opt=\toks30
) (c:/texlive/texmf-local/tex/latex/emath/EMconj.sty
Package: EMconj 2025/07/29 v0.00
)
\c@marginpar=\count339
\c@tempcntb=\count340
\templc=\dimen266
\Linewidth=\dimen267
\tempboxa=\box124
\tempboxb=\box125
\EMc@hizyosuu=\count341
\EMc@syou=\count342
\EMc@zyo@amari=\count343
\GCM=\count344
LaTeX Info: Redefining \to on input line 1555.
LaTeX Info: Redefining \maru on input line 2207.
\renritu@hidariyohaku=\dimen268
LaTeX Info: Redefining \mathstrut on input line 2732.
LaTeX Font Info:    Font shape `JY2/mc/m/n' will be
(Font)              scaled to size 7.69775pt on input line 2780.
LaTeX Font Info:    Font shape `JY2/mc/m/n' will be
(Font)              scaled to size 5.77332pt on input line 2780.
LaTeX Font Info:    Trying to load font information for U+msa on input line 2780.
 (c:/texlive/2025/texmf-dist/tex/latex/amsfonts/umsa.fd
File: umsa.fd 2013/01/14 v3.01 AMS symbols A
)
LaTeX Font Info:    Trying to load font information for U+msb on input line 2780.
 (c:/texlive/2025/texmf-dist/tex/latex/amsfonts/umsb.fd
File: umsb.fd 2013/01/14 v3.01 AMS symbols B
)
\@ltxlinelen=\dimen269
\fileophndl=\read3
LaTeX Info: Redefining \because on input line 3664.
LaTeX Info: Redefining \therefore on input line 3666.
 (c:/texlive/texmf-local/tex/latex/emath/kakkokukuri.sty)
\c@enumv=\count345
\c@enumvi=\count346
) (c:/texlive/texmf-local/tex/latex/emath/hako.sty
Package: hako 2024/12/17 v1.94
 (c:/texlive/2025/texmf-dist/tex/latex/tools/verbatim.sty
Package: verbatim 2024-01-22 v1.5x LaTeX2e package for verbatim enhancements
\every@verbatim=\toks31
\verbatim@line=\toks32
\verbatim@in@stream=\read4
)
\c@hako@mozisuu=\count347
\c@hakoban=\count348
\c@hakobanaiu=\count349
\c@hakobaniro=\count350
\c@hakobanAIU=\count351
\c@hakobanIRO=\count352
\c@hakobanara=\count353
\c@hakobanalp=\count354
\c@hakobanALP=\count355
\c@hakobanrma=\count356
\c@hakobanRMA=\count357
\c@hakobanmar=\count358
\c@hakobankan=\count359
\c@xh@koban=\count360
\c@xh@kobanaiu=\count361
\c@xh@kobaniro=\count362
\c@xh@kobanAIU=\count363
\c@xh@kobanIRO=\count364
\c@xh@kobanara=\count365
\c@xh@kobanalp=\count366
\c@xh@kobanALP=\count367
\c@xh@kobanrma=\count368
\c@xh@kobanRMA=\count369
\c@xh@kobanmar=\count370
\c@xh@kobankan=\count371
\@kosuuban=\count372
\H@kobox=\box126
\hako@skipa=\skip60
\h@koraise=\skip61
\hako@kai@rhndl=\read5
\hako@kai@hndl=\write4
\HKF@tabfmt=\toks33
\HakoKai@length=\skip62
\HakoKai@box=\box127
) (c:/texlive/texmf-local/tex/latex/emath/EMfbox.sty
Package: EMfbox 2025/09/23 v 0.92
 (c:/texlive/texmf-local/tex/latex/emath/emathPh.sty
Package: emathPh 2025/09/28 v 5.22
 (c:/texlive/2025/texmf-dist/tex/latex/eepic/epic.sty
Enhancements to Picture Environment. Version 1.2 - Released June 1, 1986
\@@multicnt=\count373
\d@lta=\count374
\@delta=\dimen270
\@@delta=\dimen271
\@gridcnt=\count375
\@joinkind=\count376
\@dotgap=\dimen272
\@ddotgap=\dimen273
\@x@diff=\count377
\@y@diff=\count378
\x@diff=\dimen274
\y@diff=\dimen275
\@dotbox=\box128
\num@segments=\count379
\num@segmentsi=\count380
\@datafile=\read6
) (c:/texlive/2025/texmf-dist/tex/latex/eepic/eepic.sty
Extension to Epic and LaTeX. Version 1.1e - Released Dec 21, 1999
\@gphlinewidth=\count381
\@eepictcnt=\count382
\@tempdimc=\dimen276
\maxovaldiam=\dimen277
\@filltype=\box129
)
load eepic
\@tempdimd=\dimen278
\DHS@seq=\toks34
\yasen@toks=\toks35
\tenretu@namae=\toks36
\namae@opt=\toks37
\@tmpla=\dimen279
\c@enumKT=\count383
LaTeX Info: Redefining \Deruta on input line 14938.
) (c:/texlive/texmf-local/tex/latex/emath/rectboxsikiri.sty
Package: rectboxsikiri 2024/10/14 v 0.01
)
\rectbox@item@box=\box130
\rectbox@bitem@box=\box131
\ps@box=\box132
\psfboxW=\dimen280
\psfboxV=\dimen281
\rectb@x=\box133
\brace@box=\box134
) (c:/texlive/texmf-local/tex/latex/emath/abcgreek.sty
Package: abcgreek 2025/06/12 v0.01
) (c:/texlive/texmf-local/tex/latex/emath/emathEy.sty
Package: emathEy 2022/02/24 v0.42 横並び enumerate
\eda@box=\box135
\ed@beta@box=\box136
\c@edamon@suu=\count384
\edaitemindent=\dimen282
\pre@edasep=\dimen283
\post@edasep=\dimen284
\preedaenumskip=\dimen285
\postedaenumskip=\dimen286
\yokoenum@wd=\dimen287
) (c:/texlive/texmf-local/tex/latex/emath/emathG.sty
Package: emathG 2022/04/29 v 0.21a
 (c:/texlive/texmf-local/tex/latex/emath/emathPxy.sty
Package: emathPxy 2023/09/10 v 0.62
\xunitlength=\dimen288
\yunitlength=\dimen289
)) (c:/texlive/texmf-local/tex/latex/emath/emathT.sty
Package: emathT 2025/03/10 v0.87a
\emT@box=\box137
 (c:/texlive/2025/texmf-dist/tex/latex/tools/array.sty
Package: array 2025/06/08 v2.6j Tabular extension package (FMi)
\col@sep=\dimen290
\ar@mcellbox=\box138
\extrarowheight=\dimen291
\NC@list=\toks38
\extratabsurround=\skip63
\backup@length=\skip64
\ar@cellbox=\box139
) (c:/texlive/2025/texmf-dist/tex/latex/tools/hhline.sty
Package: hhline 2020/01/04 v2.04 Table rule package (DPC)
)
\pl@in=\read7
\rowtotalheight=\dimen292
\rowheight=\dimen293
\rowdepth=\dimen294
\hyouretuhaba=\dimen295
\emT@w=\dimen296
\emT@h=\dimen297
\emT@@h=\dimen298
\emT@d=\dimen299
\emT@@d=\dimen300
\emT@r=\dimen301
\arrayrulewidthb=\dimen302
\arrayrulewidthc=\dimen303
 (c:/texlive/texmf-local/tex/latex/emath/zougenhyou.sty
Package: zougenhyou 2017/04/02 v0.07
) (c:/texlive/texmf-local/tex/latex/emath/outotuhyou.sty
Package: outotuhyou 2014/06/18 v0.01
)) (c:/texlive/texmf-local/tex/latex/emath/emathPs.sty
Package: emathPs 2023/09/07 v 2.11
 (c:/texlive/texmf-local/tex/latex/emath/emathPp.sty
Package: emathPp 2024/10/12 v 1.29
 (c:/texlive/texmf-local/tex/latex/emath/emathPl.sty
Package: emathPl 2025/02/15 v 0.47
\pl@in=\read8
) (c:/texlive/texmf-local/tex/latex/emath/Ytenretu.sty
Package: Ytenretu 2013/06/25 v0.04alpha
)) (c:/texlive/2025/texmf-dist/tex/latex/lastpage/lastpage209.sty)
\EMps@out=\write5
\c@EMps@flnm=\count385
 (c:/texlive/texmf-local/tex/latex/emath/pszahyou.sty
Package: pszahyou 2025/09/30 v 2.47
)
\ps@NMbox=\box140
\ps@bNMbox=\box141
) (c:/texlive/texmf-local/tex/latex/emath/emathR.sty
Package: emathR 2025/07/27 v0.30c read source files.
 (c:/texlive/2025/texmf-dist/tex/latex/docmute/docmute.sty
Package: docmute 2012/03/22 v1.4 Input stand-alone documents
)) (c:/texlive/texmf-local/tex/latex/emath/emathAe.sty
\c@kaitou@syorihou=\count386
Package: emathAe 2025/05/19 v0.87
\enum@fmti=\toks39
\enum@fmtii=\toks40
\enum@fmtiii=\toks41
\enum@fmtiv=\toks42
\enum@opti=\toks43
\enum@optii=\toks44
\enum@optiii=\toks45
\enum@optiv=\toks46
\enum@fmtv=\toks47
\enum@fmtvi=\toks48
\enum@optv=\toks49
\enum@optvi=\toks50
\Ae@tokena=\toks51
\Kai@Midasi=\toks52
\kaitou@out=\write6
\hint@out=\write7
\KKai@whndl=\write8
) (c:/texlive/texmf-local/tex/latex/emath/emathThm.sty
Package: emathThm 2025/04/03 v0.27
 (c:/texlive/2025/texmf-dist/tex/latex/tools/theorem.sty
Package: theorem 2024/08/06 v2.2c Theorem extension package (FMi)
\theorem@style=\toks53
\theorem@bodyfont=\toks54
\theorempreskipamount=\skip65
\theorempostskipamount=\skip66
 (c:/texlive/2025/texmf-dist/tex/latex/tools/thp.sty
File: thp.sty 2024/08/06 v2.2c Theorem extension package (FMi)
))
\c@mycnta=\count387
 (c:/texlive/texmf-local/tex/latex/emath/EMthp.sty)) (c:/texlive/texmf-local/tex/latex/emath/EMpict2e.sty
Package: EMpict2e 2025/06/21 v0.13a
 (c:/texlive/2025/texmf-dist/tex/latex/pict2e/pict2e.sty
Package: pict2e 2020/09/30 v0.4b Improved picture commands (HjG,RN,JT)
 (c:/texlive/2025/texmf-dist/tex/latex/pict2e/pict2e.cfg
File: pict2e.cfg 2016/02/05 v0.1u pict2e configuration for teTeX/TeXLive
)
Package pict2e Info: Driver file: dvipdfmx.def on input line 112.
Package pict2e Info: Driver file for pict2e: p2e-dvipdfmx.def on input line 114.
 (c:/texlive/2025/texmf-dist/tex/latex/pict2e/p2e-dvipdfmx.def
File: p2e-dvipdfmx.def 2016/02/05 v0.1u Driver-dependant file (RN,HjG,JT)
)
\pIIe@GRAPH=\toks55
\@arclen=\dimen304
\@arcrad=\dimen305
\pIIe@tempdima=\dimen306
\pIIe@tempdimb=\dimen307
\pIIe@tempdimc=\dimen308
\pIIe@tempdimd=\dimen309
\pIIe@tempdime=\dimen310
\pIIe@tempdimf=\dimen311


Package pict2e Warning: \arc redefined on input line 682.

)) (c:/texlive/texmf-local/tex/latex/emath/emathOtf.sty
Package: emathOtf 2024/05/19 v 0.16
 (c:/texlive/2025/texmf-dist/tex/platex/japanese-otf/otf.sty
Package: otf 2025/07/24 TeX JP org, v1.7b8 psitau, u0.32 ttk
LaTeX Font Info:    Redeclaring symbol font `mincho' on input line 354.
LaTeX Font Info:    Overwriting symbol font `mincho' in version `normal'
(Font)                  JY2/mc/m/n --> JY2/hmc/m/n on input line 354.
LaTeX Font Info:    Overwriting symbol font `mincho' in version `bold'
(Font)                  JY2/gt/m/n --> JY2/hmc/m/n on input line 354.
LaTeX Font Info:    Overwriting symbol font `mincho' in version `bold'
(Font)                  JY2/hmc/m/n --> JY2/hmc/bx/n on input line 356.
LaTeX Font Info:    Redeclaring math alphabet \mathgt on input line 357.
LaTeX Font Info:    Overwriting math alphabet `\mathgt' in version `normal'
(Font)                  JY2/gt/m/n --> JY2/hgt/m/n on input line 357.
LaTeX Font Info:    Overwriting math alphabet `\mathgt' in version `bold'
(Font)                  JY2/gt/m/n --> JY2/hgt/m/n on input line 357.
LaTeX Font Info:    Overwriting math alphabet `\mathgt' in version `bold'
(Font)                  JY2/hgt/m/n --> JY2/hgt/bx/n on input line 358.
 (c:/texlive/2025/texmf-dist/tex/platex/japanese-otf/ajmacros.sty
Package: ajmacros 2019/04/01 21:00 iNOUE Koich! <inoue@ma.ns.musashi-tech.ac.jp>
\@tempcntc=\count388
\@tempcntd=\count389
\@tempcnte=\count390
\@tempcntf=\count391
)) (c:/texlive/texmf-local/tex/latex/emath/EMajmacros.sty
Package: EMajmacros 2025/06/11 v 0.20
\c@aj@counter=\count392
LaTeX Info: Redefining \ajMaru on input line 49.
LaTeX Info: Redefining \ajMaruAlph on input line 92.
LaTeX Info: Redefining \ajMarualph on input line 109.
LaTeX Info: Redefining \ajKuroMaru on input line 121.
LaTeX Info: Redefining \ajKaku on input line 130.
LaTeX Info: Redefining \ajKuroKaku on input line 141.
LaTeX Info: Redefining \ajMaruKaku on input line 153.
LaTeX Info: Redefining \ajKuroMaruKaku on input line 165.
LaTeX Info: Redefining \ajKakko on input line 175.
LaTeX Info: Redefining \ajRoman on input line 187.
LaTeX Info: Redefining \ajroman on input line 195.
LaTeX Info: Redefining \ajKakkoroman on input line 203.
LaTeX Info: Redefining \ajKakkoRoman on input line 206.
LaTeX Info: Redefining \ajKakkoHira on input line 209.
LaTeX Info: Redefining \ajKakkoKata on input line 211.
LaTeX Info: Redefining \ajKakkoAlph on input line 223.
LaTeX Info: Redefining \ajMaruKata on input line 238.
)) (c:/texlive/texmf-local/tex/latex/emath/EMthbx.sty)
\c@katei=\count393
Package caption Info: Option `figurename' requires the `newfloat' package on input line 35.
 (c:/texlive/2025/texmf-dist/tex/latex/newfloat/newfloat.sty
Package: newfloat 2023/10/01 v1.2 Defining new floating environments (AR)
)
LaTeX Font Info:    Font shape `JT2/hmc/m/n' will be
(Font)              scaled to size 11.54663pt on input line 50.
LaTeX Font Info:    Font shape `JY2/hmc/m/n' will be
(Font)              scaled to size 11.54663pt on input line 50.
 (c:/texlive/2025/texmf-dist/tex/latex/l3backend/l3backend-dvipdfmx.def
File: l3backend-dvipdfmx.def 2025-06-09 L3 backend support: dvipdfmx
\g__graphics_track_int=\count394
\g__pdfannot_backend_int=\count395
\g__pdfannot_backend_link_int=\count396
) (./ACT2027_main.aux)
\openout1 = `ACT2027_main.aux'.

LaTeX Font Info:    Checking defaults for OML/cmm/m/it on input line 50.
LaTeX Font Info:    ... okay on input line 50.
LaTeX Font Info:    Checking defaults for OMS/cmsy/m/n on input line 50.
LaTeX Font Info:    ... okay on input line 50.
LaTeX Font Info:    Checking defaults for OT1/cmr/m/n on input line 50.
LaTeX Font Info:    ... okay on input line 50.
LaTeX Font Info:    Checking defaults for T1/cmr/m/n on input line 50.
LaTeX Font Info:    ... okay on input line 50.
LaTeX Font Info:    Checking defaults for TS1/cmr/m/n on input line 50.
LaTeX Font Info:    ... okay on input line 50.
LaTeX Font Info:    Checking defaults for OMX/cmex/m/n on input line 50.
LaTeX Font Info:    ... okay on input line 50.
LaTeX Font Info:    Checking defaults for U/cmr/m/n on input line 50.
LaTeX Font Info:    ... okay on input line 50.
LaTeX Font Info:    Checking defaults for JY2/mc/m/n on input line 50.
LaTeX Font Info:    ... okay on input line 50.
LaTeX Font Info:    Checking defaults for JT2/mc/m/n on input line 50.
LaTeX Font Info:    ... okay on input line 50.

*geometry* detected driver: dvipdfm
*geometry* verbose mode - [ preamble ] result:
* driver: dvipdfm
* paper: <default>
* layout: <same size as paper>
* layoutoffset:(h,v)=(0.0pt,0.0pt)
* modes: 
* h-part:(L,W,R)=(56.9055pt, 483.69687pt, 56.9055pt)
* v-part:(T,H,B)=(56.9055pt, 731.23584pt, 56.9055pt)
* \paperwidth=597.50787pt
* \paperheight=845.04684pt
* \textwidth=483.69687pt
* \textheight=731.23584pt
* \oddsidemargin=-15.36449pt
* \evensidemargin=-15.36449pt
* \topmargin=-52.36449pt
* \headheight=12.0pt
* \headsep=25.0pt
* \topskip=10.16103pt
* \footskip=30.0pt
* \marginparwidth=60.0pt
* \marginparsep=10.0pt
* \columnsep=23.09326pt
* \skip\footins=10.8pt plus 4.0pt minus 2.0pt
* \hoffset=0.0pt
* \voffset=0.0pt
* \mag=1000
* \@twocolumnfalse
* \@twosidefalse
* \@mparswitchfalse
* \@reversemarginfalse
* (1in=72.27pt=25.4mm, 1cm=28.453pt)

Package caption Info: Begin \AtBeginDocument code.
Package caption Info: End \AtBeginDocument code.
(c:/texlive/texmf-local/tex/latex/emath/emathK.sty
Package: emathK 2025/04/27 0.18
)
LaTeX Info: Redefining \colorbox on input line 50.
 (c:/texlive/texmf-local/tex/latex/emath/EMcolor.sty
Package: EMcolor 2025/07/24 v 0.04
 (c:/texlive/texmf-local/tex/latex/emath/EMrgbcolornam.def
File: EMrgbcolornam.def 2008/08/16 v0.01
))
Package newfloat Info: `float' package detected.
\docmute@nestinglevel=\count397
\openout6 = `./ACT2027_main.k1'.

LaTeX Font Info:    Font shape `JT2/hmc/bx/n' will be
(Font)              scaled to size 11.54663pt on input line 58.
LaTeX Font Info:    Font shape `JY2/hmc/bx/n' will be
(Font)              scaled to size 11.54663pt on input line 58.
LaTeX Font Info:    Font shape `JT2/hmc/bx/n' will be
(Font)              scaled to size 23.94002pt on input line 58.
LaTeX Font Info:    Font shape `JY2/hmc/bx/n' will be
(Font)              scaled to size 23.94002pt on input line 58.
LaTeX Font Info:    Font shape `JT2/hmc/m/n' will be
(Font)              scaled to size 16.62714pt on input line 59.
LaTeX Font Info:    Font shape `JY2/hmc/m/n' will be
(Font)              scaled to size 16.62714pt on input line 59.


[1

]
LaTeX Font Info:    Font shape `JT2/hgt/m/n' will be
(Font)              scaled to size 11.54663pt on input line 64.
LaTeX Font Info:    Font shape `JY2/hgt/m/n' will be
(Font)              scaled to size 11.54663pt on input line 64.
LaTeX Font Info:    Font shape `JT2/hgt/bx/n' will be
(Font)              scaled to size 11.54663pt on input line 64.
LaTeX Font Info:    Font shape `JY2/hgt/bx/n' will be
(Font)              scaled to size 11.54663pt on input line 64.
LaTeX Font Info:    Font shape `JT2/hgt/bx/n' will be
(Font)              scaled to size 16.62714pt on input line 64.
LaTeX Font Info:    Font shape `JY2/hgt/bx/n' will be
(Font)              scaled to size 16.62714pt on input line 64.
LaTeX Font Info:    Font shape `JT2/hgt/bx/n' will be
(Font)              scaled to size 13.85594pt on input line 67.
LaTeX Font Info:    Font shape `JY2/hgt/bx/n' will be
(Font)              scaled to size 13.85594pt on input line 67.
 (./arcaea/2027100.tex)

[2]
LaTeX Font Info:    Font shape `JT2/hmc/bx/n' will be
(Font)              scaled to size 16.62714pt on input line 72.
LaTeX Font Info:    Font shape `JY2/hmc/bx/n' will be
(Font)              scaled to size 16.62714pt on input line 72.

case2:prelabel=ACT2027_main-


[3]
case2:prelabel=ACT2027_main-


[4]
case2:prelabel=ACT2027_main-


[5] (./arts/2027200.tex)

[6]
case2:prelabel=ACT2027_main-


[7]
case2:prelabel=ACT2027_main-


[8]
case2:prelabel=ACT2027_main-


[9] (./science/2027300.tex)

[10]
case2:prelabel=ACT2027_main-


[11]
case2:prelabel=ACT2027_main-


[12]
case2:prelabel=ACT2027_main-


[13] (./ACT2027_main.aux)
 ***********
pLaTeX2e <2023-02-14u04>+1, based on
LaTeX2e <2025-06-01> patch level 1
L3 programming layer <2025-08-13>
 ***********
 ) 
Here is how much of TeX's memory you used:
 20726 strings out of 469908
 264766 string characters out of 5484542
 874257 words of memory out of 5000000
 49000 multiletter control sequences out of 15000+600000
 639395 words of font info for 103 fonts, out of 8000000 for 9000
 36 hyphenation exceptions out of 8191
 125i,8n,126p,464b,1025s stack positions out of 10000i,1000n,20000p,200000b,200000s

Output written on ACT2027_main.dvi (13 pages, 3932 bytes).
